<component name="libraryTable">
  <library name="junit-4.12-ijar_a89188f0">
    <CLASSES>
      <root url="jar:///private/var/tmp/_bazel_august/915fe4147fe7cffbc5f5f918367793ab/execroot/__main__/bazel-out/darwin-fastbuild/genfiles/external/junit_junit/jar/_ijar/jar/external/junit_junit/jar/junit-4.12-ijar.jar!/" />
    </CLASSES>
    <JAVADOC />
    <SOURCES />
  </library>
</component>